<?xml version="1.0" encoding="UTF-8"?>
<testng-results ignored="0" total="3" passed="3" failed="0" skipped="0">
  <reporter-output>
  </reporter-output>
  <suite started-at="2023-08-23T10:01:56 IST" name="Suite" finished-at="2023-08-23T10:03:28 IST" duration-ms="92454">
    <groups>
    </groups>
    <test started-at="2023-08-23T10:01:56 IST" name="Test" finished-at="2023-08-23T10:03:28 IST" duration-ms="92454">
      <class name="com.tmb.tests.UpdateTest">
        <test-method is-config="true" signature="setUp([Ljava.lang.Object;)[pri:0, instance:com.tmb.tests.UpdateTest@7fa98a66]" started-at="2023-08-23T10:01:57 IST" name="setUp" finished-at="2023-08-23T10:02:41 IST" duration-ms="43643" status="PASS">
          <params>
            <param index="0">
              <value>
                <![CDATA[[Ljava.lang.Object;@194152cf]]>
              </value>
            </param>
          </params>
          <reporter-output>
          </reporter-output>
        </test-method> <!-- setUp -->
        <test-method is-config="true" signature="setUp([Ljava.lang.Object;)[pri:0, instance:com.tmb.tests.UpdateTest@7fa98a66]" started-at="2023-08-23T10:01:57 IST" name="setUp" finished-at="2023-08-23T10:02:25 IST" duration-ms="28011" status="PASS">
          <params>
            <param index="0">
              <value>
                <![CDATA[[Ljava.lang.Object;@1d81e101]]>
              </value>
            </param>
          </params>
          <reporter-output>
          </reporter-output>
        </test-method> <!-- setUp -->
        <test-method is-config="true" signature="setUp([Ljava.lang.Object;)[pri:0, instance:com.tmb.tests.UpdateTest@7fa98a66]" started-at="2023-08-23T10:01:57 IST" name="setUp" finished-at="2023-08-23T10:02:41 IST" duration-ms="43746" status="PASS">
          <params>
            <param index="0">
              <value>
                <![CDATA[[Ljava.lang.Object;@ec50f54]]>
              </value>
            </param>
          </params>
          <reporter-output>
          </reporter-output>
        </test-method> <!-- setUp -->
        <test-method signature="profileTest(java.util.Map)[pri:0, instance:com.tmb.tests.UpdateTest@7fa98a66]" started-at="2023-08-23T10:02:25 IST" name="profileTest" description="To check wheter resume update " data-provider="getData" finished-at="2023-08-23T10:03:21 IST" duration-ms="55747" status="PASS">
          <params>
            <param index="0">
              <value>
                <![CDATA[{fname=, password=R2FuZXNoQDEyMzQ=, browser=chrome, testname=profileTest, execute=yes, version=112.0.5615, menutext=D:\\Naresh_Resume.pdf, username=nareshbabuind7@gmail.com}]]>
              </value>
            </param>
          </params>
          <reporter-output>
          </reporter-output>
        </test-method> <!-- profileTest -->
        <test-method signature="profileTest(java.util.Map)[pri:0, instance:com.tmb.tests.UpdateTest@7fa98a66]" started-at="2023-08-23T10:02:41 IST" name="profileTest" description="To check wheter resume update " data-provider="getData" finished-at="2023-08-23T10:03:27 IST" duration-ms="46810" status="PASS">
          <params>
            <param index="0">
              <value>
                <![CDATA[{fname=, password=VGhyaW5hdGhAMTk5Nw==, browser=chrome, testname=profileTest, execute=yes, version=112.0.5615.138 , menutext=D:\\K_Thrinath_QA.pdf, username=thrinathk03@gmail.com}]]>
              </value>
            </param>
          </params>
          <reporter-output>
          </reporter-output>
        </test-method> <!-- profileTest -->
        <test-method signature="profileTest(java.util.Map)[pri:0, instance:com.tmb.tests.UpdateTest@7fa98a66]" started-at="2023-08-23T10:02:41 IST" name="profileTest" description="To check wheter resume update " data-provider="getData" finished-at="2023-08-23T10:03:27 IST" duration-ms="45957" status="PASS">
          <params>
            <param index="0">
              <value>
                <![CDATA[{fname=, password=U2FuZHlAMTk5MQ==, browser=chrome, testname=profileTest, execute=yes, version=112.0.5615.138, menutext=D:\\Sandeep_Resume.pdf, username=sandeep.venkata19@gmail.com}]]>
              </value>
            </param>
          </params>
          <reporter-output>
          </reporter-output>
        </test-method> <!-- profileTest -->
        <test-method is-config="true" signature="tearDown()[pri:0, instance:com.tmb.tests.UpdateTest@7fa98a66]" started-at="2023-08-23T10:03:21 IST" name="tearDown" finished-at="2023-08-23T10:03:21 IST" duration-ms="733" status="PASS">
          <reporter-output>
          </reporter-output>
        </test-method> <!-- tearDown -->
        <test-method is-config="true" signature="tearDown()[pri:0, instance:com.tmb.tests.UpdateTest@7fa98a66]" started-at="2023-08-23T10:03:27 IST" name="tearDown" finished-at="2023-08-23T10:03:27 IST" duration-ms="876" status="PASS">
          <reporter-output>
          </reporter-output>
        </test-method> <!-- tearDown -->
        <test-method is-config="true" signature="tearDown()[pri:0, instance:com.tmb.tests.UpdateTest@7fa98a66]" started-at="2023-08-23T10:03:27 IST" name="tearDown" finished-at="2023-08-23T10:03:28 IST" duration-ms="614" status="PASS">
          <reporter-output>
          </reporter-output>
        </test-method> <!-- tearDown -->
      </class> <!-- com.tmb.tests.UpdateTest -->
    </test> <!-- Test -->
  </suite> <!-- Suite -->
</testng-results>
